<?xml version="1.0" encoding="UTF-8"?>
<testng-results ignored="0" total="4" passed="4" failed="0" skipped="0">
  <reporter-output>
  </reporter-output>
  <suite started-at="2025-07-16T09:16:23 CST" name="Default suite" finished-at="2025-07-16T09:16:39 CST" duration-ms="15460">
    <groups>
      <group name="smoke">
        <method signature="test_practice_1.s01_Launch_browser()[pri:0, instance:interview.test_practice_1@6bb4dd34]" name="s01_Launch_browser" class="interview.test_practice_1"/>
      </group> <!-- smoke -->
    </groups>
    <test started-at="2025-07-16T09:16:23 CST" name="Default test" finished-at="2025-07-16T09:16:39 CST" duration-ms="15460">
      <class name="interview.test_practice_1">
        <test-method is-config="true" signature="setUp()[pri:0, instance:interview.test_practice_1@6bb4dd34]" started-at="2025-07-16T09:16:23 CST" name="setUp" finished-at="2025-07-16T09:16:26 CST" duration-ms="2939" status="PASS">
          <reporter-output>
          </reporter-output>
        </test-method> <!-- setUp -->
        <test-method signature="s01_Launch_browser()[pri:0, instance:interview.test_practice_1@6bb4dd34]" started-at="2025-07-16T09:16:26 CST" name="s01_Launch_browser" finished-at="2025-07-16T09:16:26 CST" duration-ms="46" status="PASS">
          <reporter-output>
          </reporter-output>
        </test-method> <!-- s01_Launch_browser -->
        <test-method signature="s02_Navigate_to_url()[pri:0, instance:interview.test_practice_1@6bb4dd34]" started-at="2025-07-16T09:16:26 CST" name="s02_Navigate_to_url" finished-at="2025-07-16T09:16:37 CST" duration-ms="11039" status="PASS">
          <reporter-output>
          </reporter-output>
        </test-method> <!-- s02_Navigate_to_url -->
        <test-method signature="s03_Verify_that_home_page_is_visible_successfully()[pri:0, instance:interview.test_practice_1@6bb4dd34]" started-at="2025-07-16T09:16:37 CST" name="s03_Verify_that_home_page_is_visible_successfully" finished-at="2025-07-16T09:16:38 CST" duration-ms="523" status="PASS">
          <reporter-output>
          </reporter-output>
        </test-method> <!-- s03_Verify_that_home_page_is_visible_successfully -->
        <test-method signature="s04_Loggin()[pri:0, instance:interview.test_practice_1@6bb4dd34]" started-at="2025-07-16T09:16:38 CST" name="s04_Loggin" finished-at="2025-07-16T09:16:38 CST" duration-ms="237" status="PASS">
          <reporter-output>
          </reporter-output>
        </test-method> <!-- s04_Loggin -->
        <test-method is-config="true" signature="tearDown()[pri:0, instance:interview.test_practice_1@6bb4dd34]" started-at="2025-07-16T09:16:38 CST" name="tearDown" finished-at="2025-07-16T09:16:39 CST" duration-ms="629" status="PASS">
          <reporter-output>
          </reporter-output>
        </test-method> <!-- tearDown -->
      </class> <!-- interview.test_practice_1 -->
    </test> <!-- Default test -->
  </suite> <!-- Default suite -->
</testng-results>
