<?xml version="1.0" encoding="UTF-8"?>
<!-- Generated by org.testng.reporters.JUnitXMLReporter -->
<testsuite ignored="0" hostname="Acer" failures="0" tests="4" name="Default test" time="15.46" errors="0" timestamp="2025-07-16T09:16:39 CST">
  <testcase classname="interview.test_practice_1" name="s01_Launch_browser" time="0.046"/>
  <testcase classname="interview.test_practice_1" name="s02_Navigate_to_url" time="11.039"/>
  <testcase classname="interview.test_practice_1" name="s03_Verify_that_home_page_is_visible_successfully" time="0.523"/>
  <testcase classname="interview.test_practice_1" name="s04_Loggin" time="0.237"/>
</testsuite> <!-- Default test -->
