<?xml version="1.0" encoding="UTF-8"?>
<!-- Generated by org.testng.reporters.JUnitXMLReporter -->
<testsuite ignored="0" hostname="Acer" failures="3" tests="87" name="Sprint1" time="68.938" errors="0" timestamp="2025-06-12T17:12:20 CST">
  <testcase classname="Sprint_1.Test_Plan.HU_12345.Test_Case_1_Register_User" name="s01_Launch_browser" time="0.064"/>
  <testcase classname="Sprint_1.Test_Plan.HU_12345.Test_Case_1_Register_User" name="s02_Navigate_to_url" time="1.173"/>
  <testcase classname="Sprint_1.Test_Plan.HU_12345.Test_Case_1_Register_User" name="s03_Verify_that_home_page_is_visible_successfully" time="0.036"/>
  <testcase classname="Sprint_1.Test_Plan.HU_12345.Test_Case_1_Register_User" name="s04_Click_on_signup_login_button" time="0.536"/>
  <testcase classname="Sprint_1.Test_Plan.HU_12345.Test_Case_1_Register_User" name="s05_Verify_new_user_signup_is_visible" time="0.047"/>
  <testcase classname="Sprint_1.Test_Plan.HU_12345.Test_Case_1_Register_User" name="s06_Enter_name_and_email_address" time="0.31"/>
  <testcase classname="Sprint_1.Test_Plan.HU_12345.Test_Case_1_Register_User" name="s07_Click_signup_button" time="0.481"/>
  <testcase classname="Sprint_1.Test_Plan.HU_12345.Test_Case_1_Register_User" name="s08_Verify_that_ENTER_ACCOUNT_INFORMATION_is_visible" time="0.037"/>
  <testcase classname="Sprint_1.Test_Plan.HU_12345.Test_Case_1_Register_User" name="s09_Fill_details_Title_Name_Email_Password_Date_of_birth" time="0.732"/>
  <testcase classname="Sprint_1.Test_Plan.HU_12345.Test_Case_1_Register_User" name="s10_Select_checkbox_sign_up_for_our_newsletter" time="0.087"/>
  <testcase classname="Sprint_1.Test_Plan.HU_12345.Test_Case_1_Register_User" name="s11_Select_checkbox_Receive_special_offers_from_our_partners" time="0.08"/>
  <testcase classname="Sprint_1.Test_Plan.HU_12345.Test_Case_1_Register_User" name="s12_Fill_details_First_name_Last_name_Company_Address_Address2_Country_State_City_Zipcode_Mobile_Number" time="0.911"/>
  <testcase classname="Sprint_1.Test_Plan.HU_12345.Test_Case_1_Register_User" name="s13_Click_Create_Account_button" time="0.799"/>
  <testcase classname="Sprint_1.Test_Plan.HU_12345.Test_Case_1_Register_User" name="s14_Verify_that_ACCOUNT_CREATED_is_visible" time="0.038"/>
  <testcase classname="Sprint_1.Test_Plan.HU_12345.Test_Case_1_Register_User" name="s15_Click_continue_button" time="0.905"/>
  <testcase classname="Sprint_1.Test_Plan.HU_12345.Test_Case_1_Register_User" name="s16_Verify_that_logged_in_as_username_is_visible" time="0.25"/>
  <testcase classname="Sprint_1.Test_Plan.HU_12345.Test_Case_1_Register_User" name="s17_Click_Delete_Account_button" time="0.52"/>
  <testcase classname="Sprint_1.Test_Plan.HU_12345.Test_Case_1_Register_User" name="s18_Verify_that_ACCOUNT_DELETED_is_visible_and_click_continue_button" time="1.112"/>
  <testcase classname="Sprint_1.Test_Plan.HU_12345.Test_Case_2_Login_User_with_correct_email_and_password" name="s01_Launch_browser" time="0.04"/>
  <testcase classname="Sprint_1.Test_Plan.HU_12345.Test_Case_2_Login_User_with_correct_email_and_password" name="s02_Navigate_to_url" time="1.338"/>
  <testcase classname="Sprint_1.Test_Plan.HU_12345.Test_Case_2_Login_User_with_correct_email_and_password" name="s03_Verify_that_home_page_is_visible_successfully" time="0.035"/>
  <testcase classname="Sprint_1.Test_Plan.HU_12345.Test_Case_2_Login_User_with_correct_email_and_password" name="s04_Click_on_signup_login_button" time="0.484"/>
  <testcase classname="Sprint_1.Test_Plan.HU_12345.Test_Case_2_Login_User_with_correct_email_and_password" name="s05_Verify_Login_to_your_account_is_visible" time="0.035"/>
  <testcase classname="Sprint_1.Test_Plan.HU_12345.Test_Case_2_Login_User_with_correct_email_and_password" name="s06_Enter_correct_email_address_and_password" time="0.304"/>
  <testcase classname="Sprint_1.Test_Plan.HU_12345.Test_Case_2_Login_User_with_correct_email_and_password" name="s07_Click_login_button" time="0.403"/>
  <testcase classname="Sprint_1.Test_Plan.HU_12345.Test_Case_2_Login_User_with_correct_email_and_password" name="s08_Verify_that_logged_in_as_username_is_visible" time="10.3">
    <failure type="org.openqa.selenium.TimeoutException" message="Expected condition failed: waiting for element to be clickable: By.xpath: //header[@id=&amp;apos;header&amp;apos;]//li[10]//a[1] (tried for 10 second(s) with 500 milliseconds interval)
Build info: version: &amp;apos;4.32.0&amp;apos;, revision: &amp;apos;d17c8aa950&amp;apos;
System info: os.name: &amp;apos;Windows 11&amp;apos;, os.arch: &amp;apos;amd64&amp;apos;, os.version: &amp;apos;10.0&amp;apos;, java.version: &amp;apos;17.0.9&amp;apos;
Driver info: org.openqa.selenium.chrome.ChromeDriver
Capabilities {acceptInsecureCerts: false, browserName: chrome, browserVersion: 136.0.7103.113, chrome: {chromedriverVersion: 136.0.7103.113 (76fa3c17824..., userDataDir: C:\Users\hard-\AppData\Loca...}, fedcm:accounts: true, goog:chromeOptions: {debuggerAddress: localhost:59217}, networkConnectionEnabled: false, pageLoadStrategy: normal, platformName: windows, proxy: Proxy(), se:cdp: ws://localhost:59217/devtoo..., se:cdpVersion: 136.0.7103.113, setWindowRect: true, strictFileInteractability: false, timeouts: {implicit: 0, pageLoad: 300000, script: 30000}, unhandledPromptBehavior: dismiss and notify, webauthn:extension:credBlob: true, webauthn:extension:largeBlob: true, webauthn:extension:minPinLength: true, webauthn:extension:prf: true, webauthn:virtualAuthenticators: true}
Session ID: 61c66c2c81cb23fcdad0948d5f2aa962">
      <![CDATA[org.openqa.selenium.TimeoutException: Expected condition failed: waiting for element to be clickable: By.xpath: //header[@id='header']//li[10]//a[1] (tried for 10 second(s) with 500 milliseconds interval)
Build info: version: '4.32.0', revision: 'd17c8aa950'
System info: os.name: 'Windows 11', os.arch: 'amd64', os.version: '10.0', java.version: '17.0.9'
Driver info: org.openqa.selenium.chrome.ChromeDriver
Capabilities {acceptInsecureCerts: false, browserName: chrome, browserVersion: 136.0.7103.113, chrome: {chromedriverVersion: 136.0.7103.113 (76fa3c17824..., userDataDir: C:\Users\hard-\AppData\Loca...}, fedcm:accounts: true, goog:chromeOptions: {debuggerAddress: localhost:59217}, networkConnectionEnabled: false, pageLoadStrategy: normal, platformName: windows, proxy: Proxy(), se:cdp: ws://localhost:59217/devtoo..., se:cdpVersion: 136.0.7103.113, setWindowRect: true, strictFileInteractability: false, timeouts: {implicit: 0, pageLoad: 300000, script: 30000}, unhandledPromptBehavior: dismiss and notify, webauthn:extension:credBlob: true, webauthn:extension:largeBlob: true, webauthn:extension:minPinLength: true, webauthn:extension:prf: true, webauthn:virtualAuthenticators: true}
Session ID: 61c66c2c81cb23fcdad0948d5f2aa962
at org.openqa.selenium.support.ui.WebDriverWait.timeoutException(WebDriverWait.java:84)
at org.openqa.selenium.support.ui.FluentWait.until(FluentWait.java:228)
at automationexercise.home.HomeWebElements.getLoggedUser(HomeWebElements.java:29)
at Sprint_1.Test_Plan.HU_12345.Test_Case_2_Login_User_with_correct_email_and_password.s08_Verify_that_logged_in_as_username_is_visible(Test_Case_2_Login_User_with_correct_email_and_password.java:83)
at java.base/java.util.ArrayList.forEach(ArrayList.java:1511)
... Removed 27 stack frames]]>
    </failure>
  </testcase> <!-- s08_Verify_that_logged_in_as_username_is_visible -->
  <testcase classname="Sprint_1.Test_Plan.HU_12345.Test_Case_2_Login_User_with_correct_email_and_password" name="s09_Click_Delete_Account_button" time="0.662"/>
  <testcase classname="Sprint_1.Test_Plan.HU_12345.Test_Case_2_Login_User_with_correct_email_and_password" name="s10_Verify_that_ACCOUNT_DELETED_is_visible" time="0.042"/>
  <testcase classname="Sprint_1.Test_Plan.HU_12345.Test_Case_3_Login_User_with_incorrect_email_and_password" name="s01_Launch_browser" time="0.034"/>
  <testcase classname="Sprint_1.Test_Plan.HU_12345.Test_Case_3_Login_User_with_incorrect_email_and_password" name="s02_Navigate_to_url" time="1.327"/>
  <testcase classname="Sprint_1.Test_Plan.HU_12345.Test_Case_3_Login_User_with_incorrect_email_and_password" name="s03_Verify_that_home_page_is_visible_successfully" time="0.036"/>
  <testcase classname="Sprint_1.Test_Plan.HU_12345.Test_Case_3_Login_User_with_incorrect_email_and_password" name="s04_Click_on_signup_login_button" time="0.473"/>
  <testcase classname="Sprint_1.Test_Plan.HU_12345.Test_Case_3_Login_User_with_incorrect_email_and_password" name="s05_Verify_Login_to_your_account_is_visible" time="0.032"/>
  <testcase classname="Sprint_1.Test_Plan.HU_12345.Test_Case_3_Login_User_with_incorrect_email_and_password" name="s06_Enter_incorrect_email_address_and_password" time="0.312"/>
  <testcase classname="Sprint_1.Test_Plan.HU_12345.Test_Case_3_Login_User_with_incorrect_email_and_password" name="s07_Click_login_button" time="0.46"/>
  <testcase classname="Sprint_1.Test_Plan.HU_12345.Test_Case_3_Login_User_with_incorrect_email_and_password" name="s08_Verify_error_Your_email_or_password_is_incorrect_is_visible" time="0.027"/>
  <testcase classname="Sprint_1.Test_Plan.HU_12345.Test_Case_4_Logout_User" name="s01_Launch_browser" time="0.037"/>
  <testcase classname="Sprint_1.Test_Plan.HU_12345.Test_Case_4_Logout_User" name="s02_Navigate_to_url" time="1.331"/>
  <testcase classname="Sprint_1.Test_Plan.HU_12345.Test_Case_4_Logout_User" name="s03_Verify_that_home_page_is_visible_successfully" time="0.054"/>
  <testcase classname="Sprint_1.Test_Plan.HU_12345.Test_Case_4_Logout_User" name="s04_Click_on_signup_login_button" time="0.51"/>
  <testcase classname="Sprint_1.Test_Plan.HU_12345.Test_Case_4_Logout_User" name="s05_Verify_Login_to_your_account_is_visible" time="0.037"/>
  <testcase classname="Sprint_1.Test_Plan.HU_12345.Test_Case_4_Logout_User" name="s06_Enter_incorrect_email_address_and_password" time="0.266"/>
  <testcase classname="Sprint_1.Test_Plan.HU_12345.Test_Case_4_Logout_User" name="s07_Click_login_button" time="0.414"/>
  <testcase classname="Sprint_1.Test_Plan.HU_12345.Test_Case_4_Logout_User" name="s08_Verify_that_logged_in_as_username_is_visible" time="10.3">
    <failure type="org.openqa.selenium.TimeoutException" message="Expected condition failed: waiting for element to be clickable: By.xpath: //header[@id=&amp;apos;header&amp;apos;]//li[10]//a[1] (tried for 10 second(s) with 500 milliseconds interval)
Build info: version: &amp;apos;4.32.0&amp;apos;, revision: &amp;apos;d17c8aa950&amp;apos;
System info: os.name: &amp;apos;Windows 11&amp;apos;, os.arch: &amp;apos;amd64&amp;apos;, os.version: &amp;apos;10.0&amp;apos;, java.version: &amp;apos;17.0.9&amp;apos;
Driver info: org.openqa.selenium.chrome.ChromeDriver
Capabilities {acceptInsecureCerts: false, browserName: chrome, browserVersion: 136.0.7103.113, chrome: {chromedriverVersion: 136.0.7103.113 (76fa3c17824..., userDataDir: C:\Users\hard-\AppData\Loca...}, fedcm:accounts: true, goog:chromeOptions: {debuggerAddress: localhost:57462}, networkConnectionEnabled: false, pageLoadStrategy: normal, platformName: windows, proxy: Proxy(), se:cdp: ws://localhost:57462/devtoo..., se:cdpVersion: 136.0.7103.113, setWindowRect: true, strictFileInteractability: false, timeouts: {implicit: 0, pageLoad: 300000, script: 30000}, unhandledPromptBehavior: dismiss and notify, webauthn:extension:credBlob: true, webauthn:extension:largeBlob: true, webauthn:extension:minPinLength: true, webauthn:extension:prf: true, webauthn:virtualAuthenticators: true}
Session ID: a138a97de3091241bc1af0c66ea96388">
      <![CDATA[org.openqa.selenium.TimeoutException: Expected condition failed: waiting for element to be clickable: By.xpath: //header[@id='header']//li[10]//a[1] (tried for 10 second(s) with 500 milliseconds interval)
Build info: version: '4.32.0', revision: 'd17c8aa950'
System info: os.name: 'Windows 11', os.arch: 'amd64', os.version: '10.0', java.version: '17.0.9'
Driver info: org.openqa.selenium.chrome.ChromeDriver
Capabilities {acceptInsecureCerts: false, browserName: chrome, browserVersion: 136.0.7103.113, chrome: {chromedriverVersion: 136.0.7103.113 (76fa3c17824..., userDataDir: C:\Users\hard-\AppData\Loca...}, fedcm:accounts: true, goog:chromeOptions: {debuggerAddress: localhost:57462}, networkConnectionEnabled: false, pageLoadStrategy: normal, platformName: windows, proxy: Proxy(), se:cdp: ws://localhost:57462/devtoo..., se:cdpVersion: 136.0.7103.113, setWindowRect: true, strictFileInteractability: false, timeouts: {implicit: 0, pageLoad: 300000, script: 30000}, unhandledPromptBehavior: dismiss and notify, webauthn:extension:credBlob: true, webauthn:extension:largeBlob: true, webauthn:extension:minPinLength: true, webauthn:extension:prf: true, webauthn:virtualAuthenticators: true}
Session ID: a138a97de3091241bc1af0c66ea96388
at org.openqa.selenium.support.ui.WebDriverWait.timeoutException(WebDriverWait.java:84)
at org.openqa.selenium.support.ui.FluentWait.until(FluentWait.java:228)
at automationexercise.home.HomeWebElements.getLoggedUser(HomeWebElements.java:29)
at Sprint_1.Test_Plan.HU_12345.Test_Case_4_Logout_User.s08_Verify_that_logged_in_as_username_is_visible(Test_Case_4_Logout_User.java:81)
at java.base/java.util.ArrayList.forEach(ArrayList.java:1511)
... Removed 27 stack frames]]>
    </failure>
  </testcase> <!-- s08_Verify_that_logged_in_as_username_is_visible -->
  <testcase classname="Sprint_1.Test_Plan.HU_12345.Test_Case_4_Logout_User" name="s09_Click_Logout_button" time="0.535"/>
  <testcase classname="Sprint_1.Test_Plan.HU_12345.Test_Case_4_Logout_User" name="s10_Verify_Login_to_your_account_is_visible" time="0.039"/>
  <testcase classname="Sprint_1.Test_Plan.HU_12345.Test_Case_5_Register_User_with_existing_email" name="s01_Launch_browser" time="0.032"/>
  <testcase classname="Sprint_1.Test_Plan.HU_12345.Test_Case_5_Register_User_with_existing_email" name="s02_Navigate_to_url" time="1.282"/>
  <testcase classname="Sprint_1.Test_Plan.HU_12345.Test_Case_5_Register_User_with_existing_email" name="s03_Verify_that_home_page_is_visible_successfully" time="0.032"/>
  <testcase classname="Sprint_1.Test_Plan.HU_12345.Test_Case_5_Register_User_with_existing_email" name="s04_Click_on_signup_login_button" time="0.454"/>
  <testcase classname="Sprint_1.Test_Plan.HU_12345.Test_Case_5_Register_User_with_existing_email" name="s05_Verify_new_user_signup_is_visible" time="0.034"/>
  <testcase classname="Sprint_1.Test_Plan.HU_12345.Test_Case_5_Register_User_with_existing_email" name="s06_Enter_name_and_already_registered_email_address" time="0.307"/>
  <testcase classname="Sprint_1.Test_Plan.HU_12345.Test_Case_5_Register_User_with_existing_email" name="s07_Click_signup_button" time="0.465"/>
  <testcase classname="Sprint_1.Test_Plan.HU_12345.Test_Case_5_Register_User_with_existing_email" name="s08_Verify_error_Email_Address_already_exist_is_visible" time="0.031">
    <failure type="java.lang.AssertionError" message="expected [true] but found [false]">
      <![CDATA[java.lang.AssertionError: expected [true] but found [false]
at tools.asserts.AssertEqualsProperty(asserts.java:39)
at Sprint_1.Test_Plan.HU_12345.Test_Case_5_Register_User_with_existing_email.s08_Verify_error_Email_Address_already_exist_is_visible(Test_Case_5_Register_User_with_existing_email.java:81)
at java.base/java.util.ArrayList.forEach(ArrayList.java:1511)
... Removed 31 stack frames]]>
    </failure>
  </testcase> <!-- s08_Verify_error_Email_Address_already_exist_is_visible -->
  <testcase classname="Sprint_1.Test_Plan.HU_12345.Test_Case_6_Contact_Us_Form" name="s01_Launch_browser" time="0.035"/>
  <testcase classname="Sprint_1.Test_Plan.HU_12345.Test_Case_6_Contact_Us_Form" name="s02_Navigate_to_url" time="1.315"/>
  <testcase classname="Sprint_1.Test_Plan.HU_12345.Test_Case_6_Contact_Us_Form" name="s03_Verify_that_home_page_is_visible_successfully" time="0.032"/>
  <testcase classname="Sprint_1.Test_Plan.HU_12345.Test_Case_6_Contact_Us_Form" name="s04_Click_on_Contact_Us_button" time="1.374"/>
  <testcase classname="Sprint_1.Test_Plan.HU_12345.Test_Case_6_Contact_Us_Form" name="s05_Verify_GET_IN_TOUCH_is_visible" time="0.034"/>
  <testcase classname="Sprint_1.Test_Plan.HU_12345.Test_Case_6_Contact_Us_Form" name="s06_Enter_name_email_subject_and_message" time="0.438"/>
  <testcase classname="Sprint_1.Test_Plan.HU_12345.Test_Case_6_Contact_Us_Form" name="s07_Upload_file" time="1.416"/>
  <testcase classname="Sprint_1.Test_Plan.HU_12345.Test_Case_6_Contact_Us_Form" name="s08_Click_Submit_button" time="0.148"/>
  <testcase classname="Sprint_1.Test_Plan.HU_12345.Test_Case_6_Contact_Us_Form" name="s09_Click_OK_button" time="0.019"/>
  <testcase classname="Sprint_1.Test_Plan.HU_12345.Test_Case_6_Contact_Us_Form" name="s10_Verify_success_message_Success_Your_details_have_been_submitted_successfully_is_visible" time="0.056"/>
  <testcase classname="Sprint_1.Test_Plan.HU_12345.Test_Case_6_Contact_Us_Form" name="s11_Click_Home_button_and_verify_that_landed_to_home_page_successfully" time="1.276"/>
  <testcase classname="Sprint_1.Test_Plan.HU_12345.Test_Case_7_Verify_Test_Cases_Page" name="s01_Launch_browser" time="0.042"/>
  <testcase classname="Sprint_1.Test_Plan.HU_12345.Test_Case_7_Verify_Test_Cases_Page" name="s02_Navigate_to_url" time="1.297"/>
  <testcase classname="Sprint_1.Test_Plan.HU_12345.Test_Case_7_Verify_Test_Cases_Page" name="s03_Verify_that_home_page_is_visible_successfully" time="0.036"/>
  <testcase classname="Sprint_1.Test_Plan.HU_12345.Test_Case_7_Verify_Test_Cases_Page" name="s04_Click_on_Test_Cases_button" time="0.541"/>
  <testcase classname="Sprint_1.Test_Plan.HU_12345.Test_Case_7_Verify_Test_Cases_Page" name="s05_Verify_user_is_navigated_to_test_cases_page_successfully" time="0.047"/>
  <testcase classname="Sprint_1.Test_Plan.HU_12345.Test_Case_8_Verify_All_Products_and_product_detail_page" name="s01_Launch_browser" time="0.031"/>
  <testcase classname="Sprint_1.Test_Plan.HU_12345.Test_Case_8_Verify_All_Products_and_product_detail_page" name="s02_Navigate_to_url" time="1.346"/>
  <testcase classname="Sprint_1.Test_Plan.HU_12345.Test_Case_8_Verify_All_Products_and_product_detail_page" name="s03_Verify_that_home_page_is_visible_successfully" time="0.044"/>
  <testcase classname="Sprint_1.Test_Plan.HU_12345.Test_Case_8_Verify_All_Products_and_product_detail_page" name="s04_Click_on_Products_button" time="1.813"/>
  <testcase classname="Sprint_1.Test_Plan.HU_12345.Test_Case_8_Verify_All_Products_and_product_detail_page" name="s05_Verify_user_is_navigated_to_ALL_PRODUCTS_page_successfully" time="0.067"/>
  <testcase classname="Sprint_1.Test_Plan.HU_12345.Test_Case_8_Verify_All_Products_and_product_detail_page" name="s06_The_Products_list_is_visible" time="0.077"/>
  <testcase classname="Sprint_1.Test_Plan.HU_12345.Test_Case_8_Verify_All_Products_and_product_detail_page" name="s07_Click_on_View_Product_of_first_product" time="1.706"/>
  <testcase classname="Sprint_1.Test_Plan.HU_12345.Test_Case_8_Verify_All_Products_and_product_detail_page" name="s08_User_is_landed_to_product_detail_page" time="0.036"/>
  <testcase classname="Sprint_1.Test_Plan.HU_12345.Test_Case_8_Verify_All_Products_and_product_detail_page" name="s09_Verify_that_detail_is_visible_ProductName_Category_Price_availability_condition_brand" time="0.345"/>
  <testcase classname="Sprint_1.Test_Plan.HU_12345.Test_Case_9_Search_Product" name="s01_Launch_browser" time="0.044"/>
  <testcase classname="Sprint_1.Test_Plan.HU_12345.Test_Case_9_Search_Product" name="s02_Navigate_to_url" time="1.323"/>
  <testcase classname="Sprint_1.Test_Plan.HU_12345.Test_Case_9_Search_Product" name="s03_Verify_that_home_page_is_visible_successfully" time="0.032"/>
  <testcase classname="Sprint_1.Test_Plan.HU_12345.Test_Case_9_Search_Product" name="s04_Click_on_Products_button" time="0.617"/>
  <testcase classname="Sprint_1.Test_Plan.HU_12345.Test_Case_9_Search_Product" name="s05_Verify_user_is_navigated_to_ALL_PRODUCTS_page_successfully" time="0.083"/>
  <testcase classname="Sprint_1.Test_Plan.HU_12345.Test_Case_9_Search_Product" name="s06_Enter_product_name_in_search_input_and_click_search_button" time="0.644"/>
  <testcase classname="Sprint_1.Test_Plan.HU_12345.Test_Case_9_Search_Product" name="s07_Verify_SEARCHED_PRODUCTS_is_visible" time="0.031"/>
  <testcase classname="Sprint_1.Test_Plan.HU_12345.Test_Case_9_Search_Product" name="s08_Verify_all_the_products_related_to_search_are_visible" time="0.463"/>
</testsuite> <!-- Sprint1 -->
