<?xml version="1.0" encoding="UTF-8"?>
<!-- Generated by org.testng.reporters.JUnitReportReporter -->
<testsuite hostname="Acer" failures="2" tests="16" name="Sprint_1.Test_Plan.HU_12345.Test_Case_5_Register_User_with_existing_email" time="5.342" errors="0" timestamp="2025-06-12T17:13:25 CST" skipped="0">
  <testcase classname="Sprint_1.Test_Plan.HU_12345.Test_Case_5_Register_User_with_existing_email" name="s02_Navigate_to_url" time="1.321"/>
  <testcase classname="Sprint_1.Test_Plan.HU_12345.Test_Case_5_Register_User_with_existing_email" name="s02_Navigate_to_url" time="1.282"/>
  <testcase classname="Sprint_1.Test_Plan.HU_12345.Test_Case_5_Register_User_with_existing_email" name="s04_Click_on_signup_login_button" time="0.672"/>
  <testcase classname="Sprint_1.Test_Plan.HU_12345.Test_Case_5_Register_User_with_existing_email" name="s07_Click_signup_button" time="0.465"/>
  <testcase classname="Sprint_1.Test_Plan.HU_12345.Test_Case_5_Register_User_with_existing_email" name="s03_Verify_that_home_page_is_visible_successfully" time="0.032"/>
  <testcase classname="Sprint_1.Test_Plan.HU_12345.Test_Case_5_Register_User_with_existing_email" name="s03_Verify_that_home_page_is_visible_successfully" time="0.032"/>
  <testcase classname="Sprint_1.Test_Plan.HU_12345.Test_Case_5_Register_User_with_existing_email" name="s05_Verify_new_user_signup_is_visible" time="0.034"/>
  <testcase classname="Sprint_1.Test_Plan.HU_12345.Test_Case_5_Register_User_with_existing_email" name="s04_Click_on_signup_login_button" time="0.454"/>
  <testcase classname="Sprint_1.Test_Plan.HU_12345.Test_Case_5_Register_User_with_existing_email" name="s07_Click_signup_button" time="0.426"/>
  <testcase classname="Sprint_1.Test_Plan.HU_12345.Test_Case_5_Register_User_with_existing_email" name="s06_Enter_name_and_already_registered_email_address" time="0.307"/>
  <testcase classname="Sprint_1.Test_Plan.HU_12345.Test_Case_5_Register_User_with_existing_email" name="s01_Launch_browser" time="0.032"/>
  <testcase classname="Sprint_1.Test_Plan.HU_12345.Test_Case_5_Register_User_with_existing_email" name="s06_Enter_name_and_already_registered_email_address" time="0.155"/>
  <testcase classname="Sprint_1.Test_Plan.HU_12345.Test_Case_5_Register_User_with_existing_email" name="s08_Verify_error_Email_Address_already_exist_is_visible" time="0.031">
    <failure message="expected [true] but found [false]" type="java.lang.AssertionError">
      <![CDATA[java.lang.AssertionError: expected [true] but found [false]
at org.testng.Assert.fail(Assert.java:111)
at org.testng.Assert.failNotEquals(Assert.java:1590)
at org.testng.Assert.assertTrue(Assert.java:57)
at org.testng.Assert.assertTrue(Assert.java:67)
at tools.asserts.AssertEqualsProperty(asserts.java:39)
at Sprint_1.Test_Plan.HU_12345.Test_Case_5_Register_User_with_existing_email.s08_Verify_error_Email_Address_already_exist_is_visible(Test_Case_5_Register_User_with_existing_email.java:81)
at java.base/jdk.internal.reflect.NativeMethodAccessorImpl.invoke0(Native Method)
at java.base/jdk.internal.reflect.NativeMethodAccessorImpl.invoke(NativeMethodAccessorImpl.java:77)
at java.base/jdk.internal.reflect.DelegatingMethodAccessorImpl.invoke(DelegatingMethodAccessorImpl.java:43)
at java.base/java.lang.reflect.Method.invoke(Method.java:568)
at org.testng.internal.invokers.MethodInvocationHelper.invokeMethod(MethodInvocationHelper.java:141)
at org.testng.internal.invokers.TestInvoker.invokeMethod(TestInvoker.java:687)
at org.testng.internal.invokers.TestInvoker.invokeTestMethod(TestInvoker.java:230)
at org.testng.internal.invokers.MethodRunner.runInSequence(MethodRunner.java:63)
at org.testng.internal.invokers.TestInvoker$MethodInvocationAgent.invoke(TestInvoker.java:995)
at org.testng.internal.invokers.TestInvoker.invokeTestMethods(TestInvoker.java:203)
at org.testng.internal.invokers.TestMethodWorker.invokeTestMethods(TestMethodWorker.java:154)
at org.testng.internal.invokers.TestMethodWorker.run(TestMethodWorker.java:134)
at java.base/java.util.ArrayList.forEach(ArrayList.java:1511)
at org.testng.TestRunner.privateRun(TestRunner.java:741)
at org.testng.TestRunner.run(TestRunner.java:616)
at org.testng.SuiteRunner.runTest(SuiteRunner.java:421)
at org.testng.SuiteRunner.runSequentially(SuiteRunner.java:413)
at org.testng.SuiteRunner.privateRun(SuiteRunner.java:373)
at org.testng.SuiteRunner.run(SuiteRunner.java:312)
at org.testng.SuiteRunnerWorker.runSuite(SuiteRunnerWorker.java:52)
at org.testng.SuiteRunnerWorker.run(SuiteRunnerWorker.java:95)
at org.testng.TestNG.runSuitesSequentially(TestNG.java:1274)
at org.testng.TestNG.runSuitesLocally(TestNG.java:1208)
at org.testng.TestNG.runSuites(TestNG.java:1112)
at org.testng.TestNG.run(TestNG.java:1079)
at org.testng.remote.AbstractRemoteTestNG.run(AbstractRemoteTestNG.java:115)
at org.testng.remote.RemoteTestNG.initAndRun(RemoteTestNG.java:293)
at org.testng.remote.RemoteTestNG.main(RemoteTestNG.java:91)
]]>
    </failure>
  </testcase> <!-- s08_Verify_error_Email_Address_already_exist_is_visible -->
  <testcase classname="Sprint_1.Test_Plan.HU_12345.Test_Case_5_Register_User_with_existing_email" name="s05_Verify_new_user_signup_is_visible" time="0.029"/>
  <testcase classname="Sprint_1.Test_Plan.HU_12345.Test_Case_5_Register_User_with_existing_email" name="s01_Launch_browser" time="0.040"/>
  <testcase classname="Sprint_1.Test_Plan.HU_12345.Test_Case_5_Register_User_with_existing_email" name="s08_Verify_error_Email_Address_already_exist_is_visible" time="0.030">
    <failure message="expected [true] but found [false]" type="java.lang.AssertionError">
      <![CDATA[java.lang.AssertionError: expected [true] but found [false]
at org.testng.Assert.fail(Assert.java:111)
at org.testng.Assert.failNotEquals(Assert.java:1590)
at org.testng.Assert.assertTrue(Assert.java:57)
at org.testng.Assert.assertTrue(Assert.java:67)
at tools.asserts.AssertEqualsProperty(asserts.java:39)
at Sprint_1.Test_Plan.HU_12345.Test_Case_5_Register_User_with_existing_email.s08_Verify_error_Email_Address_already_exist_is_visible(Test_Case_5_Register_User_with_existing_email.java:81)
at java.base/jdk.internal.reflect.NativeMethodAccessorImpl.invoke0(Native Method)
at java.base/jdk.internal.reflect.NativeMethodAccessorImpl.invoke(NativeMethodAccessorImpl.java:77)
at java.base/jdk.internal.reflect.DelegatingMethodAccessorImpl.invoke(DelegatingMethodAccessorImpl.java:43)
at java.base/java.lang.reflect.Method.invoke(Method.java:568)
at org.testng.internal.invokers.MethodInvocationHelper.invokeMethod(MethodInvocationHelper.java:141)
at org.testng.internal.invokers.TestInvoker.invokeMethod(TestInvoker.java:687)
at org.testng.internal.invokers.TestInvoker.invokeTestMethod(TestInvoker.java:230)
at org.testng.internal.invokers.MethodRunner.runInSequence(MethodRunner.java:63)
at org.testng.internal.invokers.TestInvoker$MethodInvocationAgent.invoke(TestInvoker.java:995)
at org.testng.internal.invokers.TestInvoker.invokeTestMethods(TestInvoker.java:203)
at org.testng.internal.invokers.TestMethodWorker.invokeTestMethods(TestMethodWorker.java:154)
at org.testng.internal.invokers.TestMethodWorker.run(TestMethodWorker.java:134)
at java.base/java.util.ArrayList.forEach(ArrayList.java:1511)
at org.testng.TestRunner.privateRun(TestRunner.java:741)
at org.testng.TestRunner.run(TestRunner.java:616)
at org.testng.SuiteRunner.runTest(SuiteRunner.java:421)
at org.testng.SuiteRunner.runSequentially(SuiteRunner.java:413)
at org.testng.SuiteRunner.privateRun(SuiteRunner.java:373)
at org.testng.SuiteRunner.run(SuiteRunner.java:312)
at org.testng.SuiteRunnerWorker.runSuite(SuiteRunnerWorker.java:52)
at org.testng.SuiteRunnerWorker.run(SuiteRunnerWorker.java:95)
at org.testng.TestNG.runSuitesSequentially(TestNG.java:1274)
at org.testng.TestNG.runSuitesLocally(TestNG.java:1208)
at org.testng.TestNG.runSuites(TestNG.java:1112)
at org.testng.TestNG.run(TestNG.java:1079)
at org.testng.remote.AbstractRemoteTestNG.run(AbstractRemoteTestNG.java:115)
at org.testng.remote.RemoteTestNG.initAndRun(RemoteTestNG.java:293)
at org.testng.remote.RemoteTestNG.main(RemoteTestNG.java:91)
]]>
    </failure>
  </testcase> <!-- s08_Verify_error_Email_Address_already_exist_is_visible -->
</testsuite> <!-- Sprint_1.Test_Plan.HU_12345.Test_Case_5_Register_User_with_existing_email -->
