<?xml version="1.0" encoding="UTF-8"?>
<!-- Generated by org.testng.reporters.JUnitReportReporter -->
<testsuite hostname="Acer" failures="0" tests="7" name="Sprint_01.Test_Plan.HU_12345.Test_Case_10_Verify_Subscription_in_home_page" time="2.064" errors="0" timestamp="2025-06-12T18:47:46 CST" skipped="0">
  <testcase classname="Sprint_01.Test_Plan.HU_12345.Test_Case_10_Verify_Subscription_in_home_page" name="s06_Enter_email_address_in_input_and_click_arrow_button" time="0.312"/>
  <testcase classname="Sprint_01.Test_Plan.HU_12345.Test_Case_10_Verify_Subscription_in_home_page" name="s07_Verify_success_message_You_have_been_successfully_subscribed_is_visible" time="0.040"/>
  <testcase classname="Sprint_01.Test_Plan.HU_12345.Test_Case_10_Verify_Subscription_in_home_page" name="s01_Launch_browser" time="0.055"/>
  <testcase classname="Sprint_01.Test_Plan.HU_12345.Test_Case_10_Verify_Subscription_in_home_page" name="s05_Verify_text_SUBSCRIPTION" time="0.053"/>
  <testcase classname="Sprint_01.Test_Plan.HU_12345.Test_Case_10_Verify_Subscription_in_home_page" name="s02_Navigate_to_url" time="1.504"/>
  <testcase classname="Sprint_01.Test_Plan.HU_12345.Test_Case_10_Verify_Subscription_in_home_page" name="s03_Verify_that_home_page_is_visible_successfully" time="0.037"/>
  <testcase classname="Sprint_01.Test_Plan.HU_12345.Test_Case_10_Verify_Subscription_in_home_page" name="s04_Scroll_down_to_footer" time="0.063"/>
</testsuite> <!-- Sprint_01.Test_Plan.HU_12345.Test_Case_10_Verify_Subscription_in_home_page -->
