<?xml version="1.0" encoding="UTF-8"?>
<!-- Generated by org.testng.reporters.JUnitReportReporter -->
<testsuite hostname="Acer" failures="0" tests="10" name="Sprint_1.Test_Plan.HU_12345.Test_Case_7_Verify_Test_Cases_Page" time="3.876" errors="0" timestamp="2025-06-12T17:13:25 CST" skipped="0">
  <testcase classname="Sprint_1.Test_Plan.HU_12345.Test_Case_7_Verify_Test_Cases_Page" name="s02_Navigate_to_url" time="1.323"/>
  <testcase classname="Sprint_1.Test_Plan.HU_12345.Test_Case_7_Verify_Test_Cases_Page" name="s05_Verify_user_is_navigated_to_test_cases_page_successfully" time="0.047"/>
  <testcase classname="Sprint_1.Test_Plan.HU_12345.Test_Case_7_Verify_Test_Cases_Page" name="s04_Click_on_Test_Cases_button" time="0.481"/>
  <testcase classname="Sprint_1.Test_Plan.HU_12345.Test_Case_7_Verify_Test_Cases_Page" name="s03_Verify_that_home_page_is_visible_successfully" time="0.033"/>
  <testcase classname="Sprint_1.Test_Plan.HU_12345.Test_Case_7_Verify_Test_Cases_Page" name="s02_Navigate_to_url" time="1.297"/>
  <testcase classname="Sprint_1.Test_Plan.HU_12345.Test_Case_7_Verify_Test_Cases_Page" name="s01_Launch_browser" time="0.037"/>
  <testcase classname="Sprint_1.Test_Plan.HU_12345.Test_Case_7_Verify_Test_Cases_Page" name="s05_Verify_user_is_navigated_to_test_cases_page_successfully" time="0.039"/>
  <testcase classname="Sprint_1.Test_Plan.HU_12345.Test_Case_7_Verify_Test_Cases_Page" name="s01_Launch_browser" time="0.042"/>
  <testcase classname="Sprint_1.Test_Plan.HU_12345.Test_Case_7_Verify_Test_Cases_Page" name="s03_Verify_that_home_page_is_visible_successfully" time="0.036"/>
  <testcase classname="Sprint_1.Test_Plan.HU_12345.Test_Case_7_Verify_Test_Cases_Page" name="s04_Click_on_Test_Cases_button" time="0.541"/>
</testsuite> <!-- Sprint_1.Test_Plan.HU_12345.Test_Case_7_Verify_Test_Cases_Page -->
