<?xml version="1.0" encoding="UTF-8"?>
<!-- Generated by org.testng.reporters.JUnitReportReporter -->
<testsuite hostname="Acer" failures="0" tests="3" name="Test_Plans.Sprint_1.HU_12345.Test_Case_1_Register_User" time="2.653" errors="0" timestamp="2025-06-03T16:49:09 CST" skipped="0">
  <testcase classname="Test_Plans.Sprint_1.HU_12345.Test_Case_1_Register_User" name="navigate_to_url" time="2.594"/>
  <testcase classname="Test_Plans.Sprint_1.HU_12345.Test_Case_1_Register_User" name="launch_browser" time="0.046"/>
  <testcase classname="Test_Plans.Sprint_1.HU_12345.Test_Case_1_Register_User" name="verify_that_home_page_is_visible_successfully" time="0.013"/>
</testsuite> <!-- Test_Plans.Sprint_1.HU_12345.Test_Case_1_Register_User -->
