<?xml version="1.0" encoding="UTF-8"?>
<!-- Generated by org.testng.reporters.JUnitReportReporter -->
<testsuite hostname="Acer" failures="0" tests="20" name="Sprint_1.Test_Plan.HU_12345.Test_Case_2_Login_User_with_correct_email_and_password" time="27.389" errors="2" timestamp="2025-06-12T17:13:25 CST" skipped="0">
  <testcase classname="Sprint_1.Test_Plan.HU_12345.Test_Case_2_Login_User_with_correct_email_and_password" name="s04_Click_on_signup_login_button" time="0.484"/>
  <testcase classname="Sprint_1.Test_Plan.HU_12345.Test_Case_2_Login_User_with_correct_email_and_password" name="s02_Navigate_to_url" time="1.338"/>
  <testcase classname="Sprint_1.Test_Plan.HU_12345.Test_Case_2_Login_User_with_correct_email_and_password" name="s10_Verify_that_ACCOUNT_DELETED_is_visible" time="0.042"/>
  <testcase classname="Sprint_1.Test_Plan.HU_12345.Test_Case_2_Login_User_with_correct_email_and_password" name="s07_Click_login_button" time="0.403"/>
  <testcase classname="Sprint_1.Test_Plan.HU_12345.Test_Case_2_Login_User_with_correct_email_and_password" name="s08_Verify_that_logged_in_as_username_is_visible" time="10.300">
    <error message="Expected condition failed: waiting for element to be clickable: By.xpath: //header[@id=&#039;header&#039;]//li[10]//a[1] (tried for 10 second(s) with 500 milliseconds interval)
Build info: version: &#039;4.32.0&#039;, revision: &#039;d17c8aa950&#039;
System info: os.name: &#039;Windows 11&#039;, os.arch: &#039;amd64&#039;, os.version: &#039;10.0&#039;, java.version: &#039;17.0.9&#039;
Driver info: org.openqa.selenium.chrome.ChromeDriver
Capabilities {acceptInsecureCerts: false, browserName: chrome, browserVersion: 136.0.7103.113, chrome: {chromedriverVersion: 136.0.7103.113 (76fa3c17824..., userDataDir: C:\Users\hard-\AppData\Loca...}, fedcm:accounts: true, goog:chromeOptions: {debuggerAddress: localhost:59217}, networkConnectionEnabled: false, pageLoadStrategy: normal, platformName: windows, proxy: Proxy(), se:cdp: ws://localhost:59217/devtoo..., se:cdpVersion: 136.0.7103.113, setWindowRect: true, strictFileInteractability: false, timeouts: {implicit: 0, pageLoad: 300000, script: 30000}, unhandledPromptBehavior: dismiss and notify, webauthn:extension:credBlob: true, webauthn:extension:largeBlob: true, webauthn:extension:minPinLength: true, webauthn:extension:prf: true, webauthn:virtualAuthenticators: true}
Session ID: 61c66c2c81cb23fcdad0948d5f2aa962" type="org.openqa.selenium.TimeoutException">
      <![CDATA[org.openqa.selenium.TimeoutException: Expected condition failed: waiting for element to be clickable: By.xpath: //header[@id='header']//li[10]//a[1] (tried for 10 second(s) with 500 milliseconds interval)
Build info: version: '4.32.0', revision: 'd17c8aa950'
System info: os.name: 'Windows 11', os.arch: 'amd64', os.version: '10.0', java.version: '17.0.9'
Driver info: org.openqa.selenium.chrome.ChromeDriver
Capabilities {acceptInsecureCerts: false, browserName: chrome, browserVersion: 136.0.7103.113, chrome: {chromedriverVersion: 136.0.7103.113 (76fa3c17824..., userDataDir: C:\Users\hard-\AppData\Loca...}, fedcm:accounts: true, goog:chromeOptions: {debuggerAddress: localhost:59217}, networkConnectionEnabled: false, pageLoadStrategy: normal, platformName: windows, proxy: Proxy(), se:cdp: ws://localhost:59217/devtoo..., se:cdpVersion: 136.0.7103.113, setWindowRect: true, strictFileInteractability: false, timeouts: {implicit: 0, pageLoad: 300000, script: 30000}, unhandledPromptBehavior: dismiss and notify, webauthn:extension:credBlob: true, webauthn:extension:largeBlob: true, webauthn:extension:minPinLength: true, webauthn:extension:prf: true, webauthn:virtualAuthenticators: true}
Session ID: 61c66c2c81cb23fcdad0948d5f2aa962
at org.openqa.selenium.support.ui.WebDriverWait.timeoutException(WebDriverWait.java:84)
at org.openqa.selenium.support.ui.FluentWait.until(FluentWait.java:228)
at automationexercise.home.HomeWebElements.getLoggedUser(HomeWebElements.java:29)
at Sprint_1.Test_Plan.HU_12345.Test_Case_2_Login_User_with_correct_email_and_password.s08_Verify_that_logged_in_as_username_is_visible(Test_Case_2_Login_User_with_correct_email_and_password.java:83)
at java.base/jdk.internal.reflect.NativeMethodAccessorImpl.invoke0(Native Method)
at java.base/jdk.internal.reflect.NativeMethodAccessorImpl.invoke(NativeMethodAccessorImpl.java:77)
at java.base/jdk.internal.reflect.DelegatingMethodAccessorImpl.invoke(DelegatingMethodAccessorImpl.java:43)
at java.base/java.lang.reflect.Method.invoke(Method.java:568)
at org.testng.internal.invokers.MethodInvocationHelper.invokeMethod(MethodInvocationHelper.java:141)
at org.testng.internal.invokers.TestInvoker.invokeMethod(TestInvoker.java:687)
at org.testng.internal.invokers.TestInvoker.invokeTestMethod(TestInvoker.java:230)
at org.testng.internal.invokers.MethodRunner.runInSequence(MethodRunner.java:63)
at org.testng.internal.invokers.TestInvoker$MethodInvocationAgent.invoke(TestInvoker.java:995)
at org.testng.internal.invokers.TestInvoker.invokeTestMethods(TestInvoker.java:203)
at org.testng.internal.invokers.TestMethodWorker.invokeTestMethods(TestMethodWorker.java:154)
at org.testng.internal.invokers.TestMethodWorker.run(TestMethodWorker.java:134)
at java.base/java.util.ArrayList.forEach(ArrayList.java:1511)
at org.testng.TestRunner.privateRun(TestRunner.java:741)
at org.testng.TestRunner.run(TestRunner.java:616)
at org.testng.SuiteRunner.runTest(SuiteRunner.java:421)
at org.testng.SuiteRunner.runSequentially(SuiteRunner.java:413)
at org.testng.SuiteRunner.privateRun(SuiteRunner.java:373)
at org.testng.SuiteRunner.run(SuiteRunner.java:312)
at org.testng.SuiteRunnerWorker.runSuite(SuiteRunnerWorker.java:52)
at org.testng.SuiteRunnerWorker.run(SuiteRunnerWorker.java:95)
at org.testng.TestNG.runSuitesSequentially(TestNG.java:1274)
at org.testng.TestNG.runSuitesLocally(TestNG.java:1208)
at org.testng.TestNG.runSuites(TestNG.java:1112)
at org.testng.TestNG.run(TestNG.java:1079)
at org.testng.remote.AbstractRemoteTestNG.run(AbstractRemoteTestNG.java:115)
at org.testng.remote.RemoteTestNG.initAndRun(RemoteTestNG.java:293)
at org.testng.remote.RemoteTestNG.main(RemoteTestNG.java:91)
]]>
    </error>
  </testcase> <!-- s08_Verify_that_logged_in_as_username_is_visible -->
  <testcase classname="Sprint_1.Test_Plan.HU_12345.Test_Case_2_Login_User_with_correct_email_and_password" name="s08_Verify_that_logged_in_as_username_is_visible" time="10.355">
    <error message="Expected condition failed: waiting for element to be clickable: By.xpath: //header[@id=&#039;header&#039;]//li[10]//a[1] (tried for 10 second(s) with 500 milliseconds interval)
Build info: version: &#039;4.32.0&#039;, revision: &#039;d17c8aa950&#039;
System info: os.name: &#039;Windows 11&#039;, os.arch: &#039;amd64&#039;, os.version: &#039;10.0&#039;, java.version: &#039;17.0.9&#039;
Driver info: org.openqa.selenium.chrome.ChromeDriver
Capabilities {acceptInsecureCerts: false, browserName: chrome, browserVersion: 136.0.7103.113, chrome: {chromedriverVersion: 136.0.7103.113 (76fa3c17824..., userDataDir: C:\Users\hard-\AppData\Loca...}, fedcm:accounts: true, goog:chromeOptions: {debuggerAddress: localhost:64128}, networkConnectionEnabled: false, pageLoadStrategy: normal, platformName: windows, proxy: Proxy(), se:cdp: ws://localhost:64128/devtoo..., se:cdpVersion: 136.0.7103.113, setWindowRect: true, strictFileInteractability: false, timeouts: {implicit: 0, pageLoad: 300000, script: 30000}, unhandledPromptBehavior: dismiss and notify, webauthn:extension:credBlob: true, webauthn:extension:largeBlob: true, webauthn:extension:minPinLength: true, webauthn:extension:prf: true, webauthn:virtualAuthenticators: true}
Session ID: b547990ae670ed45bcbe72a5ae1c9b18" type="org.openqa.selenium.TimeoutException">
      <![CDATA[org.openqa.selenium.TimeoutException: Expected condition failed: waiting for element to be clickable: By.xpath: //header[@id='header']//li[10]//a[1] (tried for 10 second(s) with 500 milliseconds interval)
Build info: version: '4.32.0', revision: 'd17c8aa950'
System info: os.name: 'Windows 11', os.arch: 'amd64', os.version: '10.0', java.version: '17.0.9'
Driver info: org.openqa.selenium.chrome.ChromeDriver
Capabilities {acceptInsecureCerts: false, browserName: chrome, browserVersion: 136.0.7103.113, chrome: {chromedriverVersion: 136.0.7103.113 (76fa3c17824..., userDataDir: C:\Users\hard-\AppData\Loca...}, fedcm:accounts: true, goog:chromeOptions: {debuggerAddress: localhost:64128}, networkConnectionEnabled: false, pageLoadStrategy: normal, platformName: windows, proxy: Proxy(), se:cdp: ws://localhost:64128/devtoo..., se:cdpVersion: 136.0.7103.113, setWindowRect: true, strictFileInteractability: false, timeouts: {implicit: 0, pageLoad: 300000, script: 30000}, unhandledPromptBehavior: dismiss and notify, webauthn:extension:credBlob: true, webauthn:extension:largeBlob: true, webauthn:extension:minPinLength: true, webauthn:extension:prf: true, webauthn:virtualAuthenticators: true}
Session ID: b547990ae670ed45bcbe72a5ae1c9b18
at org.openqa.selenium.support.ui.WebDriverWait.timeoutException(WebDriverWait.java:84)
at org.openqa.selenium.support.ui.FluentWait.until(FluentWait.java:228)
at automationexercise.home.HomeWebElements.getLoggedUser(HomeWebElements.java:29)
at Sprint_1.Test_Plan.HU_12345.Test_Case_2_Login_User_with_correct_email_and_password.s08_Verify_that_logged_in_as_username_is_visible(Test_Case_2_Login_User_with_correct_email_and_password.java:83)
at java.base/jdk.internal.reflect.NativeMethodAccessorImpl.invoke0(Native Method)
at java.base/jdk.internal.reflect.NativeMethodAccessorImpl.invoke(NativeMethodAccessorImpl.java:77)
at java.base/jdk.internal.reflect.DelegatingMethodAccessorImpl.invoke(DelegatingMethodAccessorImpl.java:43)
at java.base/java.lang.reflect.Method.invoke(Method.java:568)
at org.testng.internal.invokers.MethodInvocationHelper.invokeMethod(MethodInvocationHelper.java:141)
at org.testng.internal.invokers.TestInvoker.invokeMethod(TestInvoker.java:687)
at org.testng.internal.invokers.TestInvoker.invokeTestMethod(TestInvoker.java:230)
at org.testng.internal.invokers.MethodRunner.runInSequence(MethodRunner.java:63)
at org.testng.internal.invokers.TestInvoker$MethodInvocationAgent.invoke(TestInvoker.java:995)
at org.testng.internal.invokers.TestInvoker.invokeTestMethods(TestInvoker.java:203)
at org.testng.internal.invokers.TestMethodWorker.invokeTestMethods(TestMethodWorker.java:154)
at org.testng.internal.invokers.TestMethodWorker.run(TestMethodWorker.java:134)
at java.base/java.util.ArrayList.forEach(ArrayList.java:1511)
at org.testng.TestRunner.privateRun(TestRunner.java:741)
at org.testng.TestRunner.run(TestRunner.java:616)
at org.testng.SuiteRunner.runTest(SuiteRunner.java:421)
at org.testng.SuiteRunner.runSequentially(SuiteRunner.java:413)
at org.testng.SuiteRunner.privateRun(SuiteRunner.java:373)
at org.testng.SuiteRunner.run(SuiteRunner.java:312)
at org.testng.SuiteRunnerWorker.runSuite(SuiteRunnerWorker.java:52)
at org.testng.SuiteRunnerWorker.run(SuiteRunnerWorker.java:95)
at org.testng.TestNG.runSuitesSequentially(TestNG.java:1274)
at org.testng.TestNG.runSuitesLocally(TestNG.java:1208)
at org.testng.TestNG.runSuites(TestNG.java:1112)
at org.testng.TestNG.run(TestNG.java:1079)
at org.testng.remote.AbstractRemoteTestNG.run(AbstractRemoteTestNG.java:115)
at org.testng.remote.RemoteTestNG.initAndRun(RemoteTestNG.java:293)
at org.testng.remote.RemoteTestNG.main(RemoteTestNG.java:91)
]]>
    </error>
  </testcase> <!-- s08_Verify_that_logged_in_as_username_is_visible -->
  <testcase classname="Sprint_1.Test_Plan.HU_12345.Test_Case_2_Login_User_with_correct_email_and_password" name="s01_Launch_browser" time="0.040"/>
  <testcase classname="Sprint_1.Test_Plan.HU_12345.Test_Case_2_Login_User_with_correct_email_and_password" name="s02_Navigate_to_url" time="1.363"/>
  <testcase classname="Sprint_1.Test_Plan.HU_12345.Test_Case_2_Login_User_with_correct_email_and_password" name="s07_Click_login_button" time="0.407"/>
  <testcase classname="Sprint_1.Test_Plan.HU_12345.Test_Case_2_Login_User_with_correct_email_and_password" name="s10_Verify_that_ACCOUNT_DELETED_is_visible" time="0.025"/>
  <testcase classname="Sprint_1.Test_Plan.HU_12345.Test_Case_2_Login_User_with_correct_email_and_password" name="s06_Enter_correct_email_address_and_password" time="0.304"/>
  <testcase classname="Sprint_1.Test_Plan.HU_12345.Test_Case_2_Login_User_with_correct_email_and_password" name="s09_Click_Delete_Account_button" time="0.677"/>
  <testcase classname="Sprint_1.Test_Plan.HU_12345.Test_Case_2_Login_User_with_correct_email_and_password" name="s03_Verify_that_home_page_is_visible_successfully" time="0.035"/>
  <testcase classname="Sprint_1.Test_Plan.HU_12345.Test_Case_2_Login_User_with_correct_email_and_password" name="s05_Verify_Login_to_your_account_is_visible" time="0.035"/>
  <testcase classname="Sprint_1.Test_Plan.HU_12345.Test_Case_2_Login_User_with_correct_email_and_password" name="s09_Click_Delete_Account_button" time="0.662"/>
  <testcase classname="Sprint_1.Test_Plan.HU_12345.Test_Case_2_Login_User_with_correct_email_and_password" name="s06_Enter_correct_email_address_and_password" time="0.300"/>
  <testcase classname="Sprint_1.Test_Plan.HU_12345.Test_Case_2_Login_User_with_correct_email_and_password" name="s03_Verify_that_home_page_is_visible_successfully" time="0.032"/>
  <testcase classname="Sprint_1.Test_Plan.HU_12345.Test_Case_2_Login_User_with_correct_email_and_password" name="s04_Click_on_signup_login_button" time="0.520"/>
  <testcase classname="Sprint_1.Test_Plan.HU_12345.Test_Case_2_Login_User_with_correct_email_and_password" name="s01_Launch_browser" time="0.040"/>
  <testcase classname="Sprint_1.Test_Plan.HU_12345.Test_Case_2_Login_User_with_correct_email_and_password" name="s05_Verify_Login_to_your_account_is_visible" time="0.027"/>
</testsuite> <!-- Sprint_1.Test_Plan.HU_12345.Test_Case_2_Login_User_with_correct_email_and_password -->
