<?xml version="1.0" encoding="UTF-8"?>
<!-- Generated by org.testng.reporters.JUnitReportReporter -->
<testsuite hostname="Acer" failures="0" tests="16" name="Sprint_1.Test_Plan.HU_12345.Test_Case_9_Search_Product" time="7.614" errors="0" timestamp="2025-06-12T17:13:25 CST" skipped="0">
  <testcase classname="Sprint_1.Test_Plan.HU_12345.Test_Case_9_Search_Product" name="s07_Verify_SEARCHED_PRODUCTS_is_visible" time="0.031"/>
  <testcase classname="Sprint_1.Test_Plan.HU_12345.Test_Case_9_Search_Product" name="s08_Verify_all_the_products_related_to_search_are_visible" time="0.463"/>
  <testcase classname="Sprint_1.Test_Plan.HU_12345.Test_Case_9_Search_Product" name="s08_Verify_all_the_products_related_to_search_are_visible" time="0.406"/>
  <testcase classname="Sprint_1.Test_Plan.HU_12345.Test_Case_9_Search_Product" name="s02_Navigate_to_url" time="1.323"/>
  <testcase classname="Sprint_1.Test_Plan.HU_12345.Test_Case_9_Search_Product" name="s03_Verify_that_home_page_is_visible_successfully" time="0.037"/>
  <testcase classname="Sprint_1.Test_Plan.HU_12345.Test_Case_9_Search_Product" name="s04_Click_on_Products_button" time="0.617"/>
  <testcase classname="Sprint_1.Test_Plan.HU_12345.Test_Case_9_Search_Product" name="s06_Enter_product_name_in_search_input_and_click_search_button" time="0.644"/>
  <testcase classname="Sprint_1.Test_Plan.HU_12345.Test_Case_9_Search_Product" name="s01_Launch_browser" time="0.044"/>
  <testcase classname="Sprint_1.Test_Plan.HU_12345.Test_Case_9_Search_Product" name="s04_Click_on_Products_button" time="1.789"/>
  <testcase classname="Sprint_1.Test_Plan.HU_12345.Test_Case_9_Search_Product" name="s02_Navigate_to_url" time="1.356"/>
  <testcase classname="Sprint_1.Test_Plan.HU_12345.Test_Case_9_Search_Product" name="s06_Enter_product_name_in_search_input_and_click_search_button" time="0.674"/>
  <testcase classname="Sprint_1.Test_Plan.HU_12345.Test_Case_9_Search_Product" name="s07_Verify_SEARCHED_PRODUCTS_is_visible" time="0.031"/>
  <testcase classname="Sprint_1.Test_Plan.HU_12345.Test_Case_9_Search_Product" name="s01_Launch_browser" time="0.044"/>
  <testcase classname="Sprint_1.Test_Plan.HU_12345.Test_Case_9_Search_Product" name="s03_Verify_that_home_page_is_visible_successfully" time="0.032"/>
  <testcase classname="Sprint_1.Test_Plan.HU_12345.Test_Case_9_Search_Product" name="s05_Verify_user_is_navigated_to_ALL_PRODUCTS_page_successfully" time="0.083"/>
  <testcase classname="Sprint_1.Test_Plan.HU_12345.Test_Case_9_Search_Product" name="s05_Verify_user_is_navigated_to_ALL_PRODUCTS_page_successfully" time="0.040"/>
</testsuite> <!-- Sprint_1.Test_Plan.HU_12345.Test_Case_9_Search_Product -->
