<?xml version="1.0" encoding="UTF-8"?>
<!-- Generated by org.testng.reporters.JUnitReportReporter -->
<testsuite hostname="Acer" failures="0" tests="22" name="Sprint_1.Test_Plan.HU_12345.Test_Case_6_Contact_Us_Form" time="10.793" errors="0" timestamp="2025-06-12T17:13:25 CST" skipped="0">
  <testcase classname="Sprint_1.Test_Plan.HU_12345.Test_Case_6_Contact_Us_Form" name="s07_Upload_file" time="1.416"/>
  <testcase classname="Sprint_1.Test_Plan.HU_12345.Test_Case_6_Contact_Us_Form" name="s05_Verify_GET_IN_TOUCH_is_visible" time="0.034"/>
  <testcase classname="Sprint_1.Test_Plan.HU_12345.Test_Case_6_Contact_Us_Form" name="s08_Click_Submit_button" time="0.139"/>
  <testcase classname="Sprint_1.Test_Plan.HU_12345.Test_Case_6_Contact_Us_Form" name="s07_Upload_file" time="1.074"/>
  <testcase classname="Sprint_1.Test_Plan.HU_12345.Test_Case_6_Contact_Us_Form" name="s11_Click_Home_button_and_verify_that_landed_to_home_page_successfully" time="1.164"/>
  <testcase classname="Sprint_1.Test_Plan.HU_12345.Test_Case_6_Contact_Us_Form" name="s06_Enter_name_email_subject_and_message" time="0.438"/>
  <testcase classname="Sprint_1.Test_Plan.HU_12345.Test_Case_6_Contact_Us_Form" name="s08_Click_Submit_button" time="0.148"/>
  <testcase classname="Sprint_1.Test_Plan.HU_12345.Test_Case_6_Contact_Us_Form" name="s01_Launch_browser" time="0.045"/>
  <testcase classname="Sprint_1.Test_Plan.HU_12345.Test_Case_6_Contact_Us_Form" name="s09_Click_OK_button" time="0.019"/>
  <testcase classname="Sprint_1.Test_Plan.HU_12345.Test_Case_6_Contact_Us_Form" name="s10_Verify_success_message_Success_Your_details_have_been_submitted_successfully_is_visible" time="0.056"/>
  <testcase classname="Sprint_1.Test_Plan.HU_12345.Test_Case_6_Contact_Us_Form" name="s04_Click_on_Contact_Us_button" time="1.374"/>
  <testcase classname="Sprint_1.Test_Plan.HU_12345.Test_Case_6_Contact_Us_Form" name="s02_Navigate_to_url" time="1.315"/>
  <testcase classname="Sprint_1.Test_Plan.HU_12345.Test_Case_6_Contact_Us_Form" name="s02_Navigate_to_url" time="1.274"/>
  <testcase classname="Sprint_1.Test_Plan.HU_12345.Test_Case_6_Contact_Us_Form" name="s01_Launch_browser" time="0.035"/>
  <testcase classname="Sprint_1.Test_Plan.HU_12345.Test_Case_6_Contact_Us_Form" name="s03_Verify_that_home_page_is_visible_successfully" time="0.032"/>
  <testcase classname="Sprint_1.Test_Plan.HU_12345.Test_Case_6_Contact_Us_Form" name="s10_Verify_success_message_Success_Your_details_have_been_submitted_successfully_is_visible" time="0.044"/>
  <testcase classname="Sprint_1.Test_Plan.HU_12345.Test_Case_6_Contact_Us_Form" name="s09_Click_OK_button" time="0.015"/>
  <testcase classname="Sprint_1.Test_Plan.HU_12345.Test_Case_6_Contact_Us_Form" name="s06_Enter_name_email_subject_and_message" time="0.414"/>
  <testcase classname="Sprint_1.Test_Plan.HU_12345.Test_Case_6_Contact_Us_Form" name="s11_Click_Home_button_and_verify_that_landed_to_home_page_successfully" time="1.276"/>
  <testcase classname="Sprint_1.Test_Plan.HU_12345.Test_Case_6_Contact_Us_Form" name="s04_Click_on_Contact_Us_button" time="0.407"/>
  <testcase classname="Sprint_1.Test_Plan.HU_12345.Test_Case_6_Contact_Us_Form" name="s05_Verify_GET_IN_TOUCH_is_visible" time="0.042"/>
  <testcase classname="Sprint_1.Test_Plan.HU_12345.Test_Case_6_Contact_Us_Form" name="s03_Verify_that_home_page_is_visible_successfully" time="0.032"/>
</testsuite> <!-- Sprint_1.Test_Plan.HU_12345.Test_Case_6_Contact_Us_Form -->
