<?xml version="1.0" encoding="UTF-8"?>
<!-- Generated by org.testng.reporters.JUnitReportReporter -->
<testsuite hostname="Acer" failures="0" tests="16" name="Sprint_1.Test_Plan.HU_12345.Test_Case_3_Login_User_with_incorrect_email_and_password" time="5.525" errors="0" timestamp="2025-06-12T17:13:25 CST" skipped="0">
  <testcase classname="Sprint_1.Test_Plan.HU_12345.Test_Case_3_Login_User_with_incorrect_email_and_password" name="s03_Verify_that_home_page_is_visible_successfully" time="0.036"/>
  <testcase classname="Sprint_1.Test_Plan.HU_12345.Test_Case_3_Login_User_with_incorrect_email_and_password" name="s03_Verify_that_home_page_is_visible_successfully" time="0.044"/>
  <testcase classname="Sprint_1.Test_Plan.HU_12345.Test_Case_3_Login_User_with_incorrect_email_and_password" name="s08_Verify_error_Your_email_or_password_is_incorrect_is_visible" time="0.022"/>
  <testcase classname="Sprint_1.Test_Plan.HU_12345.Test_Case_3_Login_User_with_incorrect_email_and_password" name="s08_Verify_error_Your_email_or_password_is_incorrect_is_visible" time="0.027"/>
  <testcase classname="Sprint_1.Test_Plan.HU_12345.Test_Case_3_Login_User_with_incorrect_email_and_password" name="s07_Click_login_button" time="0.460"/>
  <testcase classname="Sprint_1.Test_Plan.HU_12345.Test_Case_3_Login_User_with_incorrect_email_and_password" name="s04_Click_on_signup_login_button" time="0.510"/>
  <testcase classname="Sprint_1.Test_Plan.HU_12345.Test_Case_3_Login_User_with_incorrect_email_and_password" name="s02_Navigate_to_url" time="1.327"/>
  <testcase classname="Sprint_1.Test_Plan.HU_12345.Test_Case_3_Login_User_with_incorrect_email_and_password" name="s02_Navigate_to_url" time="1.425"/>
  <testcase classname="Sprint_1.Test_Plan.HU_12345.Test_Case_3_Login_User_with_incorrect_email_and_password" name="s07_Click_login_button" time="0.422"/>
  <testcase classname="Sprint_1.Test_Plan.HU_12345.Test_Case_3_Login_User_with_incorrect_email_and_password" name="s04_Click_on_signup_login_button" time="0.473"/>
  <testcase classname="Sprint_1.Test_Plan.HU_12345.Test_Case_3_Login_User_with_incorrect_email_and_password" name="s05_Verify_Login_to_your_account_is_visible" time="0.032"/>
  <testcase classname="Sprint_1.Test_Plan.HU_12345.Test_Case_3_Login_User_with_incorrect_email_and_password" name="s01_Launch_browser" time="0.034"/>
  <testcase classname="Sprint_1.Test_Plan.HU_12345.Test_Case_3_Login_User_with_incorrect_email_and_password" name="s01_Launch_browser" time="0.044"/>
  <testcase classname="Sprint_1.Test_Plan.HU_12345.Test_Case_3_Login_User_with_incorrect_email_and_password" name="s05_Verify_Login_to_your_account_is_visible" time="0.028"/>
  <testcase classname="Sprint_1.Test_Plan.HU_12345.Test_Case_3_Login_User_with_incorrect_email_and_password" name="s06_Enter_incorrect_email_address_and_password" time="0.312"/>
  <testcase classname="Sprint_1.Test_Plan.HU_12345.Test_Case_3_Login_User_with_incorrect_email_and_password" name="s06_Enter_incorrect_email_address_and_password" time="0.329"/>
</testsuite> <!-- Sprint_1.Test_Plan.HU_12345.Test_Case_3_Login_User_with_incorrect_email_and_password -->
