<?xml version="1.0" encoding="UTF-8"?>
<!-- Generated by org.testng.reporters.JUnitReportReporter -->
<testsuite hostname="Acer" failures="0" tests="10" name="Sprint_01.Test_Plan.HU_12345.Test_Case_12_Add_Products_in_Cart" time="8.377" errors="0" timestamp="2025-06-12T21:59:15 CST" skipped="0">
  <testcase classname="Sprint_01.Test_Plan.HU_12345.Test_Case_12_Add_Products_in_Cart" name="s05_Hover_over_first_product_and_click_Add_to_cart" time="0.378"/>
  <testcase classname="Sprint_01.Test_Plan.HU_12345.Test_Case_12_Add_Products_in_Cart" name="s06_Click_Continue_Shopping_button" time="0.714"/>
  <testcase classname="Sprint_01.Test_Plan.HU_12345.Test_Case_12_Add_Products_in_Cart" name="s09_Verify_both_products_are_added_to_Cart" time="0.023"/>
  <testcase classname="Sprint_01.Test_Plan.HU_12345.Test_Case_12_Add_Products_in_Cart" name="s02_Navigate_to_url" time="1.481"/>
  <testcase classname="Sprint_01.Test_Plan.HU_12345.Test_Case_12_Add_Products_in_Cart" name="s08_Click_View_Cart_button" time="4.035"/>
  <testcase classname="Sprint_01.Test_Plan.HU_12345.Test_Case_12_Add_Products_in_Cart" name="s03_Verify_that_home_page_is_visible_successfully" time="0.038"/>
  <testcase classname="Sprint_01.Test_Plan.HU_12345.Test_Case_12_Add_Products_in_Cart" name="s04_Click_on_Products_button" time="1.299"/>
  <testcase classname="Sprint_01.Test_Plan.HU_12345.Test_Case_12_Add_Products_in_Cart" name="s01_Launch_browser" time="0.052"/>
  <testcase classname="Sprint_01.Test_Plan.HU_12345.Test_Case_12_Add_Products_in_Cart" name="s07_Hover_over_second_product_and_click_Add_to_cart" time="0.238"/>
  <testcase classname="Sprint_01.Test_Plan.HU_12345.Test_Case_12_Add_Products_in_Cart" name="s10_Verify_their_prices_quantity_and_total_price" time="0.119"/>
</testsuite> <!-- Sprint_01.Test_Plan.HU_12345.Test_Case_12_Add_Products_in_Cart -->
