<?xml version="1.0" encoding="UTF-8"?>
<!-- Generated by org.testng.reporters.JUnitReportReporter -->
<testsuite hostname="Acer" failures="0" tests="8" name="Sprint_01.Test_Plan.HU_12345.Test_Case_11_Verify_Subscription_in_Cart_page" time="15.160" errors="0" timestamp="2025-06-12T19:00:53 CST" skipped="0">
  <testcase classname="Sprint_01.Test_Plan.HU_12345.Test_Case_11_Verify_Subscription_in_Cart_page" name="s01_Launch_browser" time="0.045"/>
  <testcase classname="Sprint_01.Test_Plan.HU_12345.Test_Case_11_Verify_Subscription_in_Cart_page" name="s05_Scroll_down_to_footer" time="0.067"/>
  <testcase classname="Sprint_01.Test_Plan.HU_12345.Test_Case_11_Verify_Subscription_in_Cart_page" name="s06_Verify_text_SUBSCRIPTION" time="0.098"/>
  <testcase classname="Sprint_01.Test_Plan.HU_12345.Test_Case_11_Verify_Subscription_in_Cart_page" name="s02_Navigate_to_url" time="13.815"/>
  <testcase classname="Sprint_01.Test_Plan.HU_12345.Test_Case_11_Verify_Subscription_in_Cart_page" name="s08_Verify_success_message_You_have_been_successfully_subscribed_is_visible" time="0.036"/>
  <testcase classname="Sprint_01.Test_Plan.HU_12345.Test_Case_11_Verify_Subscription_in_Cart_page" name="s07_Enter_email_address_in_input_and_click_arrow_button" time="0.288"/>
  <testcase classname="Sprint_01.Test_Plan.HU_12345.Test_Case_11_Verify_Subscription_in_Cart_page" name="s03_Verify_that_home_page_is_visible_successfully" time="0.014"/>
  <testcase classname="Sprint_01.Test_Plan.HU_12345.Test_Case_11_Verify_Subscription_in_Cart_page" name="s04_Click_Cart_button" time="0.797"/>
</testsuite> <!-- Sprint_01.Test_Plan.HU_12345.Test_Case_11_Verify_Subscription_in_Cart_page -->
