<?xml version="1.0" encoding="UTF-8"?>
<!-- Generated by org.testng.reporters.JUnitReportReporter -->
<testsuite hostname="Acer" failures="0" tests="18" name="Sprint_1.Test_Plan.HU_12345.Test_Case_8_Verify_All_Products_and_product_detail_page" time="8.352" errors="0" timestamp="2025-06-12T17:13:25 CST" skipped="0">
  <testcase classname="Sprint_1.Test_Plan.HU_12345.Test_Case_8_Verify_All_Products_and_product_detail_page" name="s02_Navigate_to_url" time="1.331"/>
  <testcase classname="Sprint_1.Test_Plan.HU_12345.Test_Case_8_Verify_All_Products_and_product_detail_page" name="s09_Verify_that_detail_is_visible_ProductName_Category_Price_availability_condition_brand" time="0.345"/>
  <testcase classname="Sprint_1.Test_Plan.HU_12345.Test_Case_8_Verify_All_Products_and_product_detail_page" name="s01_Launch_browser" time="0.031"/>
  <testcase classname="Sprint_1.Test_Plan.HU_12345.Test_Case_8_Verify_All_Products_and_product_detail_page" name="s08_User_is_landed_to_product_detail_page" time="0.036"/>
  <testcase classname="Sprint_1.Test_Plan.HU_12345.Test_Case_8_Verify_All_Products_and_product_detail_page" name="s05_Verify_user_is_navigated_to_ALL_PRODUCTS_page_successfully" time="0.031"/>
  <testcase classname="Sprint_1.Test_Plan.HU_12345.Test_Case_8_Verify_All_Products_and_product_detail_page" name="s04_Click_on_Products_button" time="0.578"/>
  <testcase classname="Sprint_1.Test_Plan.HU_12345.Test_Case_8_Verify_All_Products_and_product_detail_page" name="s01_Launch_browser" time="0.044"/>
  <testcase classname="Sprint_1.Test_Plan.HU_12345.Test_Case_8_Verify_All_Products_and_product_detail_page" name="s09_Verify_that_detail_is_visible_ProductName_Category_Price_availability_condition_brand" time="0.355"/>
  <testcase classname="Sprint_1.Test_Plan.HU_12345.Test_Case_8_Verify_All_Products_and_product_detail_page" name="s07_Click_on_View_Product_of_first_product" time="0.462"/>
  <testcase classname="Sprint_1.Test_Plan.HU_12345.Test_Case_8_Verify_All_Products_and_product_detail_page" name="s06_The_Products_list_is_visible" time="0.077"/>
  <testcase classname="Sprint_1.Test_Plan.HU_12345.Test_Case_8_Verify_All_Products_and_product_detail_page" name="s08_User_is_landed_to_product_detail_page" time="0.035"/>
  <testcase classname="Sprint_1.Test_Plan.HU_12345.Test_Case_8_Verify_All_Products_and_product_detail_page" name="s02_Navigate_to_url" time="1.346"/>
  <testcase classname="Sprint_1.Test_Plan.HU_12345.Test_Case_8_Verify_All_Products_and_product_detail_page" name="s04_Click_on_Products_button" time="1.813"/>
  <testcase classname="Sprint_1.Test_Plan.HU_12345.Test_Case_8_Verify_All_Products_and_product_detail_page" name="s06_The_Products_list_is_visible" time="0.019"/>
  <testcase classname="Sprint_1.Test_Plan.HU_12345.Test_Case_8_Verify_All_Products_and_product_detail_page" name="s03_Verify_that_home_page_is_visible_successfully" time="0.044"/>
  <testcase classname="Sprint_1.Test_Plan.HU_12345.Test_Case_8_Verify_All_Products_and_product_detail_page" name="s05_Verify_user_is_navigated_to_ALL_PRODUCTS_page_successfully" time="0.067"/>
  <testcase classname="Sprint_1.Test_Plan.HU_12345.Test_Case_8_Verify_All_Products_and_product_detail_page" name="s03_Verify_that_home_page_is_visible_successfully" time="0.032"/>
  <testcase classname="Sprint_1.Test_Plan.HU_12345.Test_Case_8_Verify_All_Products_and_product_detail_page" name="s07_Click_on_View_Product_of_first_product" time="1.706"/>
</testsuite> <!-- Sprint_1.Test_Plan.HU_12345.Test_Case_8_Verify_All_Products_and_product_detail_page -->
