<?xml version="1.0" encoding="UTF-8"?>
<!-- Generated by org.testng.reporters.JUnitReportReporter -->
<testsuite hostname="Acer" failures="0" tests="36" name="Sprint_1.Test_Plan.HU_12345.Test_Case_1_Register_User" time="16.270" errors="0" timestamp="2025-06-12T17:13:25 CST" skipped="0">
  <testcase classname="Sprint_1.Test_Plan.HU_12345.Test_Case_1_Register_User" name="s02_Navigate_to_url" time="1.367"/>
  <testcase classname="Sprint_1.Test_Plan.HU_12345.Test_Case_1_Register_User" name="s06_Enter_name_and_email_address" time="0.310"/>
  <testcase classname="Sprint_1.Test_Plan.HU_12345.Test_Case_1_Register_User" name="s13_Click_Create_Account_button" time="0.783"/>
  <testcase classname="Sprint_1.Test_Plan.HU_12345.Test_Case_1_Register_User" name="s15_Click_continue_button" time="1.287"/>
  <testcase classname="Sprint_1.Test_Plan.HU_12345.Test_Case_1_Register_User" name="s01_Launch_browser" time="0.064"/>
  <testcase classname="Sprint_1.Test_Plan.HU_12345.Test_Case_1_Register_User" name="s01_Launch_browser" time="0.026"/>
  <testcase classname="Sprint_1.Test_Plan.HU_12345.Test_Case_1_Register_User" name="s03_Verify_that_home_page_is_visible_successfully" time="0.036"/>
  <testcase classname="Sprint_1.Test_Plan.HU_12345.Test_Case_1_Register_User" name="s10_Select_checkbox_sign_up_for_our_newsletter" time="0.087"/>
  <testcase classname="Sprint_1.Test_Plan.HU_12345.Test_Case_1_Register_User" name="s08_Verify_that_ENTER_ACCOUNT_INFORMATION_is_visible" time="0.037"/>
  <testcase classname="Sprint_1.Test_Plan.HU_12345.Test_Case_1_Register_User" name="s06_Enter_name_and_email_address" time="0.315"/>
  <testcase classname="Sprint_1.Test_Plan.HU_12345.Test_Case_1_Register_User" name="s07_Click_signup_button" time="0.418"/>
  <testcase classname="Sprint_1.Test_Plan.HU_12345.Test_Case_1_Register_User" name="s12_Fill_details_First_name_Last_name_Company_Address_Address2_Country_State_City_Zipcode_Mobile_Number" time="0.911"/>
  <testcase classname="Sprint_1.Test_Plan.HU_12345.Test_Case_1_Register_User" name="s16_Verify_that_logged_in_as_username_is_visible" time="0.250"/>
  <testcase classname="Sprint_1.Test_Plan.HU_12345.Test_Case_1_Register_User" name="s18_Verify_that_ACCOUNT_DELETED_is_visible_and_click_continue_button" time="1.008"/>
  <testcase classname="Sprint_1.Test_Plan.HU_12345.Test_Case_1_Register_User" name="s16_Verify_that_logged_in_as_username_is_visible" time="0.057"/>
  <testcase classname="Sprint_1.Test_Plan.HU_12345.Test_Case_1_Register_User" name="s02_Navigate_to_url" time="1.173"/>
  <testcase classname="Sprint_1.Test_Plan.HU_12345.Test_Case_1_Register_User" name="s05_Verify_new_user_signup_is_visible" time="0.029"/>
  <testcase classname="Sprint_1.Test_Plan.HU_12345.Test_Case_1_Register_User" name="s08_Verify_that_ENTER_ACCOUNT_INFORMATION_is_visible" time="0.056"/>
  <testcase classname="Sprint_1.Test_Plan.HU_12345.Test_Case_1_Register_User" name="s04_Click_on_signup_login_button" time="0.536"/>
  <testcase classname="Sprint_1.Test_Plan.HU_12345.Test_Case_1_Register_User" name="s04_Click_on_signup_login_button" time="0.521"/>
  <testcase classname="Sprint_1.Test_Plan.HU_12345.Test_Case_1_Register_User" name="s14_Verify_that_ACCOUNT_CREATED_is_visible" time="0.038"/>
  <testcase classname="Sprint_1.Test_Plan.HU_12345.Test_Case_1_Register_User" name="s11_Select_checkbox_Receive_special_offers_from_our_partners" time="0.080"/>
  <testcase classname="Sprint_1.Test_Plan.HU_12345.Test_Case_1_Register_User" name="s18_Verify_that_ACCOUNT_DELETED_is_visible_and_click_continue_button" time="1.112"/>
  <testcase classname="Sprint_1.Test_Plan.HU_12345.Test_Case_1_Register_User" name="s17_Click_Delete_Account_button" time="0.518"/>
  <testcase classname="Sprint_1.Test_Plan.HU_12345.Test_Case_1_Register_User" name="s14_Verify_that_ACCOUNT_CREATED_is_visible" time="0.034"/>
  <testcase classname="Sprint_1.Test_Plan.HU_12345.Test_Case_1_Register_User" name="s15_Click_continue_button" time="0.905"/>
  <testcase classname="Sprint_1.Test_Plan.HU_12345.Test_Case_1_Register_User" name="s17_Click_Delete_Account_button" time="0.520"/>
  <testcase classname="Sprint_1.Test_Plan.HU_12345.Test_Case_1_Register_User" name="s03_Verify_that_home_page_is_visible_successfully" time="0.038"/>
  <testcase classname="Sprint_1.Test_Plan.HU_12345.Test_Case_1_Register_User" name="s11_Select_checkbox_Receive_special_offers_from_our_partners" time="0.076"/>
  <testcase classname="Sprint_1.Test_Plan.HU_12345.Test_Case_1_Register_User" name="s07_Click_signup_button" time="0.481"/>
  <testcase classname="Sprint_1.Test_Plan.HU_12345.Test_Case_1_Register_User" name="s09_Fill_details_Title_Name_Email_Password_Date_of_birth" time="0.732"/>
  <testcase classname="Sprint_1.Test_Plan.HU_12345.Test_Case_1_Register_User" name="s09_Fill_details_Title_Name_Email_Password_Date_of_birth" time="0.699"/>
  <testcase classname="Sprint_1.Test_Plan.HU_12345.Test_Case_1_Register_User" name="s13_Click_Create_Account_button" time="0.799"/>
  <testcase classname="Sprint_1.Test_Plan.HU_12345.Test_Case_1_Register_User" name="s10_Select_checkbox_sign_up_for_our_newsletter" time="0.078"/>
  <testcase classname="Sprint_1.Test_Plan.HU_12345.Test_Case_1_Register_User" name="s12_Fill_details_First_name_Last_name_Company_Address_Address2_Country_State_City_Zipcode_Mobile_Number" time="0.842"/>
  <testcase classname="Sprint_1.Test_Plan.HU_12345.Test_Case_1_Register_User" name="s05_Verify_new_user_signup_is_visible" time="0.047"/>
</testsuite> <!-- Sprint_1.Test_Plan.HU_12345.Test_Case_1_Register_User -->
